2017-03-27 13:52:15,119 INFO -- Rover locaton X:1Y:1
2017-03-27 13:52:15,119 INFO -- Checking if rover is stuck
2017-03-27 13:52:15,119 INFO -- Stopping wheel:4
2017-03-27 13:52:15,119 INFO -- Stopping wheel:3
2017-03-27 13:52:15,119 INFO -- Stopping wheel:5
2017-03-27 13:52:16,131 INFO -- Stopping wheel:5
2017-03-27 13:52:16,131 INFO -- Stopping wheel:3
2017-03-27 13:52:16,131 INFO -- Stopping wheel:4
2017-03-27 13:52:17,132 INFO -- Rover locaton X:2Y:1
2017-03-27 13:52:17,132 INFO -- Checking if rover is stuck
2017-03-27 13:52:19,134 INFO -- Rover locaton X:3Y:1
2017-03-27 13:52:19,134 INFO -- Checking if rover is stuck
2017-03-27 13:52:19,150 INFO -- Stopping wheel:1
2017-03-27 13:52:19,150 INFO -- Stopping wheel:0
2017-03-27 13:52:19,150 INFO -- Raising wheel:3
2017-03-27 13:52:19,150 INFO -- Stopping wheel:2
2017-03-27 13:52:20,167 INFO -- Stopping wheel:2
2017-03-27 13:52:20,167 INFO -- Raising wheel:3
2017-03-27 13:52:20,167 INFO -- Stopping wheel:0
2017-03-27 13:52:20,167 INFO -- Stopping wheel:1
2017-03-27 13:52:21,137 INFO -- Rover locaton X:4Y:1
2017-03-27 13:52:21,137 INFO -- Checking if rover is stuck
2017-03-27 13:52:21,137 WARNING  -- Rover is stuck awaiting help
2017-03-27 13:52:21,137 INFO -- Checking if rover is stuck
2017-03-27 13:52:21,137 INFO -- Checking if rover is stuck
2017-03-27 13:52:21,137 INFO -- Checking if rover is stuck
2017-03-27 13:52:53,241 INFO -- User has told rover to adjust route
2017-03-27 13:52:55,259 INFO -- Rover locaton X:5Y:2
2017-03-27 13:52:55,259 INFO -- Checking if rover is stuck
2017-03-27 13:52:56,260 INFO -- Raising wheel:4
2017-03-27 13:52:57,261 INFO -- Raising wheel:4
2017-03-27 13:52:57,261 INFO -- Rover locaton X:6Y:2
2017-03-27 13:52:57,261 INFO -- Checking if rover is stuck
2017-03-27 13:52:58,278 INFO -- Raising wheel:5
2017-03-27 13:52:58,278 INFO -- Raising wheel:3
2017-03-27 13:52:59,279 INFO -- Rover locaton X:7Y:2
2017-03-27 13:52:59,279 INFO -- Checking if rover is stuck
2017-03-27 13:53:00,265 INFO -- Raising wheel:1
2017-03-27 13:53:01,281 INFO -- Rover locaton X:8Y:2
2017-03-27 13:53:01,281 INFO -- Checking if rover is stuck
2017-03-27 13:53:02,282 INFO -- Raising wheel:0
2017-03-27 13:53:03,283 INFO -- Raising wheel:0
2017-03-27 13:53:03,283 INFO -- Rover locaton X:8Y:3
2017-03-27 13:53:03,283 INFO -- Checking if rover is stuck
2017-03-27 13:53:03,299 INFO -- Raising wheel:4
2017-03-27 13:53:04,316 INFO -- Raising wheel:4
2017-03-27 13:53:05,301 INFO -- Rover locaton X:7Y:3
2017-03-27 13:53:05,301 INFO -- Checking if rover is stuck
2017-03-27 13:53:06,286 INFO -- Stopping wheel:2
2017-03-27 13:53:06,302 INFO -- Raising wheel:3
2017-03-27 13:53:07,303 INFO -- Stopping wheel:2
2017-03-27 13:53:07,319 INFO -- Rover locaton X:6Y:3
2017-03-27 13:53:07,319 INFO -- Checking if rover is stuck
2017-03-27 13:53:08,320 INFO -- Stopping wheel:2
2017-03-27 13:53:09,322 INFO -- Stopping wheel:2
2017-03-27 13:53:09,322 INFO -- Rover locaton X:5Y:3
2017-03-27 13:53:09,327 INFO -- Checking if rover is stuck
2017-03-27 13:53:09,340 INFO -- Stopping wheel:0
2017-03-27 13:53:10,308 INFO -- Stopping wheel:5
2017-03-27 13:53:10,324 INFO -- Raising wheel:2
2017-03-27 13:53:10,343 INFO -- Stopping wheel:0
2017-03-27 13:53:11,309 INFO -- Stopping wheel:5
2017-03-27 13:53:11,325 INFO -- Raising wheel:2
2017-03-27 13:53:11,330 INFO -- Rover locaton X:4Y:3
2017-03-27 13:53:11,330 INFO -- Checking if rover is stuck
2017-03-27 13:53:12,318 INFO -- Stopping wheel:5
2017-03-27 13:53:13,320 INFO -- Stopping wheel:5
2017-03-27 13:53:13,333 INFO -- Rover locaton X:3Y:3
2017-03-27 13:53:13,333 INFO -- Checking if rover is stuck
2017-03-27 13:53:13,364 INFO -- Stopping wheel:3
2017-03-27 13:53:14,324 INFO -- Raising wheel:5
2017-03-27 13:53:14,370 INFO -- Stopping wheel:3
2017-03-27 13:53:15,327 INFO -- Raising wheel:5
2017-03-27 13:53:15,335 INFO -- Rover locaton X:2Y:3
2017-03-27 13:53:15,335 INFO -- Checking if rover is stuck
2017-03-27 13:53:17,338 INFO -- Rover locaton X:1Y:3
2017-03-27 13:53:17,339 INFO -- Checking if rover is stuck
2017-03-27 13:53:19,342 INFO -- Rover locaton X:1Y:4
2017-03-27 13:53:19,342 INFO -- Checking if rover is stuck
2017-03-27 13:53:19,380 INFO -- Raising wheel:4
2017-03-27 13:53:20,382 INFO -- Raising wheel:4
2017-03-27 13:53:21,344 INFO -- Rover locaton X:2Y:4
2017-03-27 13:53:21,344 INFO -- Checking if rover is stuck
2017-03-27 13:53:21,348 INFO -- Raising wheel:5
2017-03-27 13:53:21,384 INFO -- Stopping wheel:4
2017-03-27 13:53:22,354 INFO -- Raising wheel:5
2017-03-27 13:53:22,386 INFO -- Stopping wheel:4
2017-03-27 13:53:23,352 INFO -- Rover locaton X:3Y:4
2017-03-27 13:53:23,352 INFO -- Checking if rover is stuck
2017-03-27 13:53:23,388 INFO -- Raising wheel:1
2017-03-27 13:53:23,388 INFO -- Stopping wheel:4
2017-03-27 13:53:24,389 INFO -- Raising wheel:1
2017-03-27 13:53:24,393 INFO -- Stopping wheel:4
2017-03-27 13:53:25,355 INFO -- Rover locaton X:4Y:4
2017-03-27 13:53:25,355 INFO -- Checking if rover is stuck
2017-03-27 13:53:25,370 INFO -- Raising wheel:2
2017-03-27 13:53:25,391 INFO -- Stopping wheel:1
2017-03-27 13:53:26,371 INFO -- Raising wheel:2
2017-03-27 13:53:26,392 INFO -- Stopping wheel:1
2017-03-27 13:53:27,358 INFO -- Rover locaton X:5Y:4
2017-03-27 13:53:27,358 INFO -- Checking if rover is stuck
2017-03-27 13:53:27,394 INFO -- Stopping wheel:1
2017-03-27 13:53:28,395 INFO -- Stopping wheel:1
2017-03-27 13:53:29,363 INFO -- Rover locaton X:6Y:4
2017-03-27 13:53:29,363 INFO -- Checking if rover is stuck
2017-03-27 13:53:29,411 INFO -- Raising wheel:3
2017-03-27 13:53:30,413 INFO -- Raising wheel:3
2017-03-27 13:53:31,368 INFO -- Rover locaton X:7Y:4
2017-03-27 13:53:31,368 INFO -- Checking if rover is stuck
2017-03-27 13:53:33,374 INFO -- Rover locaton X:8Y:4
2017-03-27 13:53:33,374 INFO -- Checking if rover is stuck
2017-03-27 13:53:35,379 INFO -- Rover locaton X:8Y:5
2017-03-27 13:53:35,379 INFO -- Checking if rover is stuck
2017-03-27 13:53:35,393 INFO -- Raising wheel:2
2017-03-27 13:53:36,397 INFO -- Raising wheel:2
2017-03-27 13:53:37,384 INFO -- Rover locaton X:7Y:5
2017-03-27 13:53:37,384 INFO -- Checking if rover is stuck
2017-03-27 13:53:37,424 INFO -- Stopping wheel:0
2017-03-27 13:53:38,433 INFO -- Stopping wheel:0
2017-03-27 13:53:39,390 INFO -- Rover locaton X:6Y:5
2017-03-27 13:53:39,390 INFO -- Checking if rover is stuck
2017-03-27 13:53:39,399 INFO -- Raising wheel:5
2017-03-27 13:53:39,414 INFO -- Raising and stropping wheel:2
2017-03-27 13:53:39,422 INFO -- Raising wheel:1
2017-03-27 13:53:39,439 INFO -- Stopping wheel:0
2017-03-27 13:53:40,406 INFO -- Raising wheel:5
2017-03-27 13:53:40,427 INFO -- Raising and stropping wheel:2
2017-03-27 13:53:40,427 INFO -- Raising wheel:1
2017-03-27 13:53:40,443 INFO -- Stopping wheel:0
2017-03-27 13:53:41,400 INFO -- Rover locaton X:5Y:5
2017-03-27 13:53:41,400 INFO -- Checking if rover is stuck
2017-03-27 13:53:41,445 INFO -- Stopping wheel:3
2017-03-27 13:53:41,449 INFO -- Raising wheel:0
2017-03-27 13:53:42,461 INFO -- Raising wheel:0
2017-03-27 13:53:42,461 INFO -- Stopping wheel:3
2017-03-27 13:53:43,406 INFO -- Rover locaton X:4Y:5
2017-03-27 13:53:43,407 INFO -- Checking if rover is stuck
2017-03-27 13:53:43,413 INFO -- Raising and stropping wheel:5
2017-03-27 13:53:43,466 INFO -- Raising wheel:4
2017-03-27 13:53:43,474 INFO -- Stopping wheel:3
2017-03-27 13:53:44,431 INFO -- Raising and stropping wheel:5
2017-03-27 13:53:44,478 INFO -- Stopping wheel:3
2017-03-27 13:53:44,478 INFO -- Raising wheel:4
2017-03-27 13:53:45,410 INFO -- Rover locaton X:3Y:5
2017-03-27 13:53:45,410 INFO -- Checking if rover is stuck
2017-03-27 13:53:45,483 INFO -- Raising wheel:3
2017-03-27 13:53:46,485 INFO -- Raising wheel:3
2017-03-27 13:53:47,434 INFO -- Rover locaton X:2Y:5
2017-03-27 13:53:47,434 INFO -- Checking if rover is stuck
2017-03-27 13:53:49,441 INFO -- Rover locaton X:1Y:5
2017-03-27 13:53:49,441 INFO -- Checking if rover is stuck
2017-03-27 13:53:49,453 INFO -- Raising wheel:5
2017-03-27 13:53:50,458 INFO -- Raising wheel:5
2017-03-27 13:53:51,452 INFO -- Rover locaton X:1Y:6
2017-03-27 13:53:51,452 INFO -- Checking if rover is stuck
2017-03-27 13:53:53,455 INFO -- Rover locaton X:2Y:6
2017-03-27 13:53:53,455 INFO -- Checking if rover is stuck
2017-03-27 13:53:53,463 INFO -- Raising wheel:5
2017-03-27 13:53:53,475 INFO -- Raising wheel:2
2017-03-27 13:53:53,507 INFO -- Raising wheel:3
2017-03-27 13:53:53,507 INFO -- Raising and stropping wheel:4
2017-03-27 13:53:54,463 INFO -- Raising wheel:5
2017-03-27 13:53:54,479 INFO -- Raising wheel:2
2017-03-27 13:53:54,508 INFO -- Raising wheel:3
2017-03-27 13:53:54,512 INFO -- Raising and stropping wheel:4
2017-03-27 13:53:55,460 INFO -- Rover locaton X:3Y:6
2017-03-27 13:53:55,460 INFO -- Checking if rover is stuck
2017-03-27 13:53:57,467 INFO -- Rover locaton X:4Y:6
2017-03-27 13:53:57,467 INFO -- Checking if rover is stuck
2017-03-27 13:53:57,479 INFO -- Raising and stropping wheel:1
2017-03-27 13:53:57,483 INFO -- Raising wheel:2
2017-03-27 13:53:57,511 INFO -- Raising wheel:0
2017-03-27 13:53:57,515 INFO -- Raising wheel:4
2017-03-27 13:53:58,484 INFO -- Raising and stropping wheel:1
2017-03-27 13:53:58,484 INFO -- Raising wheel:2
2017-03-27 13:53:58,512 INFO -- Raising wheel:0
2017-03-27 13:53:58,520 INFO -- Raising wheel:4
2017-03-27 13:53:59,470 INFO -- Rover locaton X:5Y:6
2017-03-27 13:53:59,470 INFO -- Checking if rover is stuck
2017-03-27 13:53:59,474 WARNING  -- Rover is stuck awaiting help
2017-03-27 13:53:59,478 INFO -- Checking if rover is stuck
2017-03-27 13:53:59,478 INFO -- Checking if rover is stuck
2017-03-27 13:54:28,869 INFO -- User has told rover to adjust route
2017-03-27 13:54:30,887 INFO -- Rover locaton X:6Y:7
2017-03-27 13:54:30,887 INFO -- Checking if rover is stuck
2017-03-27 13:54:31,888 INFO -- Raising wheel:0
2017-03-27 13:54:32,905 INFO -- Rover locaton X:7Y:7
2017-03-27 13:54:32,905 INFO -- Checking if rover is stuck
2017-03-27 13:54:34,923 INFO -- Rover locaton X:8Y:7
2017-03-27 13:54:34,923 INFO -- Checking if rover is stuck
2017-03-27 13:54:36,941 INFO -- Rover locaton X:8Y:8
2017-03-27 13:54:36,941 INFO -- Checking if rover is stuck
2017-03-27 13:54:36,941 INFO -- Finished route
2017-03-27 13:54:36,941 INFO -- Stopping
